[debug] [2025-05-27T19:57:25.789Z] ----------------------------------------------------------------------
[debug] [2025-05-27T19:57:25.792Z] Command:       C:\Program Files\nodejs\node.exe C:\Users\andre\AppData\Roaming\npm\node_modules\firebase-tools\lib\bin\firebase.js deploy --only functions:getDailyKcalBalance
[debug] [2025-05-27T19:57:25.793Z] CLI Version:   14.3.0
[debug] [2025-05-27T19:57:25.793Z] Platform:      win32
[debug] [2025-05-27T19:57:25.793Z] Node Version:  v22.14.0
[debug] [2025-05-27T19:57:25.793Z] Time:          Tue May 27 2025 21:57:25 GMT+0200 (hora de verano de Europa central)
[debug] [2025-05-27T19:57:25.793Z] ----------------------------------------------------------------------
[debug] 
[debug] [2025-05-27T19:57:26.075Z] > command requires scopes: ["email","openid","https://www.googleapis.com/auth/cloudplatformprojects.readonly","https://www.googleapis.com/auth/firebase","https://www.googleapis.com/auth/cloud-platform"]
[debug] [2025-05-27T19:57:26.075Z] > authorizing via signed-in user (aplana16ins@gmail.com)
[debug] [2025-05-27T19:57:26.076Z] [iam] checking project inutriscan for permissions ["cloudfunctions.functions.create","cloudfunctions.functions.delete","cloudfunctions.functions.get","cloudfunctions.functions.list","cloudfunctions.functions.update","cloudfunctions.operations.get","firebase.projects.get"]
[debug] [2025-05-27T19:57:26.077Z] Checked if tokens are valid: false, expires at: 1748372225657
[debug] [2025-05-27T19:57:26.077Z] Checked if tokens are valid: false, expires at: 1748372225657
[debug] [2025-05-27T19:57:26.077Z] > refreshing access token with scopes: []
[debug] [2025-05-27T19:57:26.079Z] >>> [apiv2][query] POST https://www.googleapis.com/oauth2/v3/token [none]
[debug] [2025-05-27T19:57:26.079Z] >>> [apiv2][body] POST https://www.googleapis.com/oauth2/v3/token [omitted]
[debug] [2025-05-27T19:57:26.275Z] <<< [apiv2][status] POST https://www.googleapis.com/oauth2/v3/token 200
[debug] [2025-05-27T19:57:26.275Z] <<< [apiv2][body] POST https://www.googleapis.com/oauth2/v3/token [omitted]
[debug] [2025-05-27T19:57:26.286Z] >>> [apiv2][query] POST https://cloudresourcemanager.googleapis.com/v1/projects/inutriscan:testIamPermissions [none]
[debug] [2025-05-27T19:57:26.286Z] >>> [apiv2][(partial)header] POST https://cloudresourcemanager.googleapis.com/v1/projects/inutriscan:testIamPermissions x-goog-quota-user=projects/inutriscan
[debug] [2025-05-27T19:57:26.286Z] >>> [apiv2][body] POST https://cloudresourcemanager.googleapis.com/v1/projects/inutriscan:testIamPermissions {"permissions":["cloudfunctions.functions.create","cloudfunctions.functions.delete","cloudfunctions.functions.get","cloudfunctions.functions.list","cloudfunctions.functions.update","cloudfunctions.operations.get","firebase.projects.get"]}
[debug] [2025-05-27T19:57:27.007Z] <<< [apiv2][status] POST https://cloudresourcemanager.googleapis.com/v1/projects/inutriscan:testIamPermissions 200
[debug] [2025-05-27T19:57:27.007Z] <<< [apiv2][body] POST https://cloudresourcemanager.googleapis.com/v1/projects/inutriscan:testIamPermissions {"permissions":["cloudfunctions.functions.create","cloudfunctions.functions.delete","cloudfunctions.functions.get","cloudfunctions.functions.list","cloudfunctions.functions.update","cloudfunctions.operations.get","firebase.projects.get"]}
[debug] [2025-05-27T19:57:27.007Z] Checked if tokens are valid: true, expires at: 1748379445275
[debug] [2025-05-27T19:57:27.008Z] Checked if tokens are valid: true, expires at: 1748379445275
[debug] [2025-05-27T19:57:27.008Z] >>> [apiv2][query] POST https://iam.googleapis.com/v1/projects/inutriscan/serviceAccounts/inutriscan@appspot.gserviceaccount.com:testIamPermissions [none]
[debug] [2025-05-27T19:57:27.008Z] >>> [apiv2][body] POST https://iam.googleapis.com/v1/projects/inutriscan/serviceAccounts/inutriscan@appspot.gserviceaccount.com:testIamPermissions {"permissions":["iam.serviceAccounts.actAs"]}
[debug] [2025-05-27T19:57:27.825Z] <<< [apiv2][status] POST https://iam.googleapis.com/v1/projects/inutriscan/serviceAccounts/inutriscan@appspot.gserviceaccount.com:testIamPermissions 200
[debug] [2025-05-27T19:57:27.825Z] <<< [apiv2][body] POST https://iam.googleapis.com/v1/projects/inutriscan/serviceAccounts/inutriscan@appspot.gserviceaccount.com:testIamPermissions {"permissions":["iam.serviceAccounts.actAs"]}
[info] 
[info] === Deploying to 'inutriscan'...
[info] 
[info] i  deploying functions 
[info] Running command: npm --prefix "$RESOURCE_DIR" run build
[info] +  functions: Finished running predeploy script. 
[debug] [2025-05-27T19:57:36.143Z] Checked if tokens are valid: true, expires at: 1748379445275
[debug] [2025-05-27T19:57:36.143Z] Checked if tokens are valid: true, expires at: 1748379445275
[debug] [2025-05-27T19:57:36.144Z] >>> [apiv2][query] GET https://serviceusage.googleapis.com/v1/projects/inutriscan/services/cloudresourcemanager.googleapis.com [none]
[debug] [2025-05-27T19:57:36.144Z] >>> [apiv2][(partial)header] GET https://serviceusage.googleapis.com/v1/projects/inutriscan/services/cloudresourcemanager.googleapis.com x-goog-quota-user=projects/inutriscan
[debug] [2025-05-27T19:57:37.051Z] <<< [apiv2][status] GET https://serviceusage.googleapis.com/v1/projects/inutriscan/services/cloudresourcemanager.googleapis.com 200
[debug] [2025-05-27T19:57:37.051Z] <<< [apiv2][body] GET https://serviceusage.googleapis.com/v1/projects/inutriscan/services/cloudresourcemanager.googleapis.com [omitted]
[debug] [2025-05-27T19:57:37.052Z] Checked if tokens are valid: true, expires at: 1748379445275
[debug] [2025-05-27T19:57:37.052Z] Checked if tokens are valid: true, expires at: 1748379445275
[debug] [2025-05-27T19:57:37.052Z] >>> [apiv2][query] GET https://cloudresourcemanager.googleapis.com/v1/projects/inutriscan [none]
[debug] [2025-05-27T19:57:37.814Z] <<< [apiv2][status] GET https://cloudresourcemanager.googleapis.com/v1/projects/inutriscan 200
[debug] [2025-05-27T19:57:37.814Z] <<< [apiv2][body] GET https://cloudresourcemanager.googleapis.com/v1/projects/inutriscan {"projectNumber":"604265048430","projectId":"inutriscan","lifecycleState":"ACTIVE","name":"iNutriScan","labels":{"firebase":"enabled","firebase-core":"disabled"},"createTime":"2025-05-04T18:28:50.881534Z"}
[info] i  functions: preparing codebase default for deployment 
[info] i  functions: ensuring required API cloudfunctions.googleapis.com is enabled... 
[debug] [2025-05-27T19:57:37.818Z] Checked if tokens are valid: true, expires at: 1748379445275
[debug] [2025-05-27T19:57:37.818Z] Checked if tokens are valid: true, expires at: 1748379445275
[debug] [2025-05-27T19:57:37.819Z] Checked if tokens are valid: true, expires at: 1748379445275
[debug] [2025-05-27T19:57:37.819Z] Checked if tokens are valid: true, expires at: 1748379445275
[info] i  functions: ensuring required API cloudbuild.googleapis.com is enabled... 
[debug] [2025-05-27T19:57:37.821Z] Checked if tokens are valid: true, expires at: 1748379445275
[debug] [2025-05-27T19:57:37.821Z] Checked if tokens are valid: true, expires at: 1748379445275
[info] i  artifactregistry: ensuring required API artifactregistry.googleapis.com is enabled... 
[debug] [2025-05-27T19:57:37.822Z] Checked if tokens are valid: true, expires at: 1748379445275
[debug] [2025-05-27T19:57:37.823Z] Checked if tokens are valid: true, expires at: 1748379445275
[debug] [2025-05-27T19:57:37.825Z] >>> [apiv2][query] GET https://serviceusage.googleapis.com/v1/projects/inutriscan/services/cloudfunctions.googleapis.com [none]
[debug] [2025-05-27T19:57:37.825Z] >>> [apiv2][(partial)header] GET https://serviceusage.googleapis.com/v1/projects/inutriscan/services/cloudfunctions.googleapis.com x-goog-quota-user=projects/inutriscan
[debug] [2025-05-27T19:57:37.827Z] >>> [apiv2][query] GET https://serviceusage.googleapis.com/v1/projects/inutriscan/services/runtimeconfig.googleapis.com [none]
[debug] [2025-05-27T19:57:37.827Z] >>> [apiv2][(partial)header] GET https://serviceusage.googleapis.com/v1/projects/inutriscan/services/runtimeconfig.googleapis.com x-goog-quota-user=projects/inutriscan
[debug] [2025-05-27T19:57:37.833Z] >>> [apiv2][query] GET https://serviceusage.googleapis.com/v1/projects/inutriscan/services/cloudbuild.googleapis.com [none]
[debug] [2025-05-27T19:57:37.833Z] >>> [apiv2][(partial)header] GET https://serviceusage.googleapis.com/v1/projects/inutriscan/services/cloudbuild.googleapis.com x-goog-quota-user=projects/inutriscan
[debug] [2025-05-27T19:57:37.838Z] >>> [apiv2][query] GET https://serviceusage.googleapis.com/v1/projects/inutriscan/services/artifactregistry.googleapis.com [none]
[debug] [2025-05-27T19:57:37.839Z] >>> [apiv2][(partial)header] GET https://serviceusage.googleapis.com/v1/projects/inutriscan/services/artifactregistry.googleapis.com x-goog-quota-user=projects/inutriscan
[debug] [2025-05-27T19:57:38.708Z] <<< [apiv2][status] GET https://serviceusage.googleapis.com/v1/projects/inutriscan/services/cloudfunctions.googleapis.com 200
[debug] [2025-05-27T19:57:38.708Z] <<< [apiv2][body] GET https://serviceusage.googleapis.com/v1/projects/inutriscan/services/cloudfunctions.googleapis.com [omitted]
[info] +  functions: required API cloudfunctions.googleapis.com is enabled 
[debug] [2025-05-27T19:57:38.787Z] <<< [apiv2][status] GET https://serviceusage.googleapis.com/v1/projects/inutriscan/services/artifactregistry.googleapis.com 200
[debug] [2025-05-27T19:57:38.787Z] <<< [apiv2][body] GET https://serviceusage.googleapis.com/v1/projects/inutriscan/services/artifactregistry.googleapis.com [omitted]
[info] +  artifactregistry: required API artifactregistry.googleapis.com is enabled 
[debug] [2025-05-27T19:57:38.795Z] <<< [apiv2][status] GET https://serviceusage.googleapis.com/v1/projects/inutriscan/services/runtimeconfig.googleapis.com 200
[debug] [2025-05-27T19:57:38.795Z] <<< [apiv2][body] GET https://serviceusage.googleapis.com/v1/projects/inutriscan/services/runtimeconfig.googleapis.com [omitted]
[debug] [2025-05-27T19:57:38.799Z] <<< [apiv2][status] GET https://serviceusage.googleapis.com/v1/projects/inutriscan/services/cloudbuild.googleapis.com 200
[debug] [2025-05-27T19:57:38.800Z] <<< [apiv2][body] GET https://serviceusage.googleapis.com/v1/projects/inutriscan/services/cloudbuild.googleapis.com [omitted]
[info] +  functions: required API cloudbuild.googleapis.com is enabled 
[debug] [2025-05-27T19:57:38.802Z] Checked if tokens are valid: true, expires at: 1748379445275
[debug] [2025-05-27T19:57:38.803Z] Checked if tokens are valid: true, expires at: 1748379445275
[debug] [2025-05-27T19:57:38.803Z] >>> [apiv2][query] GET https://firebase.googleapis.com/v1beta1/projects/inutriscan/adminSdkConfig [none]
[debug] [2025-05-27T19:57:39.195Z] <<< [apiv2][status] GET https://firebase.googleapis.com/v1beta1/projects/inutriscan/adminSdkConfig 200
[debug] [2025-05-27T19:57:39.196Z] <<< [apiv2][body] GET https://firebase.googleapis.com/v1beta1/projects/inutriscan/adminSdkConfig {"projectId":"inutriscan","storageBucket":"inutriscan.firebasestorage.app"}
[debug] [2025-05-27T19:57:39.197Z] Checked if tokens are valid: true, expires at: 1748379445275
[debug] [2025-05-27T19:57:39.197Z] Checked if tokens are valid: true, expires at: 1748379445275
[debug] [2025-05-27T19:57:39.198Z] >>> [apiv2][query] GET https://runtimeconfig.googleapis.com/v1beta1/projects/inutriscan/configs [none]
[debug] [2025-05-27T19:57:39.604Z] <<< [apiv2][status] GET https://runtimeconfig.googleapis.com/v1beta1/projects/inutriscan/configs 200
[debug] [2025-05-27T19:57:39.604Z] <<< [apiv2][body] GET https://runtimeconfig.googleapis.com/v1beta1/projects/inutriscan/configs {}
[debug] [2025-05-27T19:57:39.608Z] Validating nodejs source
[warn] !  functions: Runtime Node.js 18 was deprecated on 2025-04-30 and will be decommissioned on 2025-10-31, after which you will not be able to deploy without upgrading. Consider upgrading now to avoid disruption. See https://cloud.google.com/functions/docs/runtime-support for full details on the lifecycle policy 
[debug] [2025-05-27T19:57:40.917Z] > [functions] package.json contents: {
  "name": "functions",
  "scripts": {
    "build": "tsc",
    "build:watch": "tsc --watch",
    "serve": "npm run build && firebase emulators:start --only functions",
    "shell": "npm run build && firebase functions:shell",
    "start": "npm run shell",
    "deploy": "firebase deploy --only functions",
    "logs": "firebase functions:log"
  },
  "engines": {
    "node": "22"
  },
  "main": "lib/index.js",
  "dependencies": {
    "firebase-admin": "^12.6.0",
    "firebase-functions": "^6.0.1"
  },
  "devDependencies": {
    "typescript": "^4.9.0",
    "firebase-functions-test": "^3.1.0"
  },
  "private": true
}
[debug] [2025-05-27T19:57:40.918Z] Building nodejs source
[info] i  functions: Loading and analyzing source code for codebase default to determine what to deploy 
[debug] [2025-05-27T19:57:40.921Z] Could not find functions.yaml. Must use http discovery
[debug] [2025-05-27T19:57:40.965Z] Found firebase-functions binary at 'C:\Users\andre\Desktop\iNutriScan\NutriScanApp\cloud_functions\node_modules\.bin\firebase-functions'
[info] Serving at port 8543

[debug] [2025-05-27T19:57:42.088Z] Got response from /__/functions.yaml {"endpoints":{"createUserDocument":{"platform":"gcfv1","availableMemoryMb":null,"timeoutSeconds":null,"minInstances":null,"maxInstances":null,"ingressSettings":null,"serviceAccountEmail":null,"vpc":null,"eventTrigger":{"eventType":"providers/firebase.auth/eventTypes/user.create","eventFilters":{"resource":"projects/inutriscan"},"retry":false},"labels":{},"entryPoint":"createUserDocument"},"createANewPlan":{"platform":"gcfv1","availableMemoryMb":null,"timeoutSeconds":null,"minInstances":null,"maxInstances":null,"ingressSettings":null,"serviceAccountEmail":null,"vpc":null,"eventTrigger":{"eventType":"providers/cloud.firestore/eventTypes/document.update","eventFilters":{"resource":"projects/inutriscan/databases/(default)/documents/users/{userId}"},"retry":false},"labels":{},"entryPoint":"createANewPlan"},"onExerciseCompleted":{"platform":"gcfv1","availableMemoryMb":null,"timeoutSeconds":null,"minInstances":null,"maxInstances":null,"ingressSettings":null,"serviceAccountEmail":null,"vpc":null,"eventTrigger":{"eventType":"providers/cloud.firestore/eventTypes/document.update","eventFilters":{"resource":"projects/inutriscan/databases/(default)/documents/users/{userId}"},"retry":false},"labels":{},"entryPoint":"onExerciseCompleted"},"getDailyKcalBalance":{"platform":"gcfv1","labels":{},"availableMemoryMb":null,"timeoutSeconds":null,"minInstances":null,"maxInstances":null,"ingressSettings":null,"serviceAccountEmail":null,"vpc":null,"callableTrigger":{},"entryPoint":"getDailyKcalBalance"}},"specVersion":"v1alpha1","requiredAPIs":[],"extensions":{}}
[info] i  extensions: ensuring required API firebaseextensions.googleapis.com is enabled... 
[debug] [2025-05-27T19:57:46.187Z] Checked if tokens are valid: true, expires at: 1748379445275
[debug] [2025-05-27T19:57:46.187Z] Checked if tokens are valid: true, expires at: 1748379445275
[debug] [2025-05-27T19:57:46.188Z] >>> [apiv2][query] GET https://serviceusage.googleapis.com/v1/projects/inutriscan/services/firebaseextensions.googleapis.com [none]
[debug] [2025-05-27T19:57:46.188Z] >>> [apiv2][(partial)header] GET https://serviceusage.googleapis.com/v1/projects/inutriscan/services/firebaseextensions.googleapis.com x-goog-quota-user=projects/inutriscan
[debug] [2025-05-27T19:57:47.181Z] <<< [apiv2][status] GET https://serviceusage.googleapis.com/v1/projects/inutriscan/services/firebaseextensions.googleapis.com 200
[debug] [2025-05-27T19:57:47.181Z] <<< [apiv2][body] GET https://serviceusage.googleapis.com/v1/projects/inutriscan/services/firebaseextensions.googleapis.com [omitted]
[info] +  extensions: required API firebaseextensions.googleapis.com is enabled 
[debug] [2025-05-27T19:57:47.182Z] > command requires scopes: ["email","openid","https://www.googleapis.com/auth/cloudplatformprojects.readonly","https://www.googleapis.com/auth/firebase","https://www.googleapis.com/auth/cloud-platform"]
[debug] [2025-05-27T19:57:47.183Z] > authorizing via signed-in user (aplana16ins@gmail.com)
[debug] [2025-05-27T19:57:47.183Z] [iam] checking project inutriscan for permissions ["firebase.projects.get","firebaseextensions.instances.list"]
[debug] [2025-05-27T19:57:47.184Z] Checked if tokens are valid: true, expires at: 1748379445275
[debug] [2025-05-27T19:57:47.184Z] Checked if tokens are valid: true, expires at: 1748379445275
[debug] [2025-05-27T19:57:47.184Z] >>> [apiv2][query] POST https://cloudresourcemanager.googleapis.com/v1/projects/inutriscan:testIamPermissions [none]
[debug] [2025-05-27T19:57:47.184Z] >>> [apiv2][(partial)header] POST https://cloudresourcemanager.googleapis.com/v1/projects/inutriscan:testIamPermissions x-goog-quota-user=projects/inutriscan
[debug] [2025-05-27T19:57:47.185Z] >>> [apiv2][body] POST https://cloudresourcemanager.googleapis.com/v1/projects/inutriscan:testIamPermissions {"permissions":["firebase.projects.get","firebaseextensions.instances.list"]}
[debug] [2025-05-27T19:57:48.005Z] <<< [apiv2][status] POST https://cloudresourcemanager.googleapis.com/v1/projects/inutriscan:testIamPermissions 200
[debug] [2025-05-27T19:57:48.006Z] <<< [apiv2][body] POST https://cloudresourcemanager.googleapis.com/v1/projects/inutriscan:testIamPermissions {"permissions":["firebase.projects.get","firebaseextensions.instances.list"]}
[debug] [2025-05-27T19:57:48.007Z] Checked if tokens are valid: true, expires at: 1748379445275
[debug] [2025-05-27T19:57:48.008Z] Checked if tokens are valid: true, expires at: 1748379445275
[debug] [2025-05-27T19:57:48.008Z] >>> [apiv2][query] GET https://firebaseextensions.googleapis.com/v1beta/projects/inutriscan/instances pageSize=100&pageToken=
[debug] [2025-05-27T19:57:48.819Z] <<< [apiv2][status] GET https://firebaseextensions.googleapis.com/v1beta/projects/inutriscan/instances 200
[debug] [2025-05-27T19:57:48.820Z] <<< [apiv2][body] GET https://firebaseextensions.googleapis.com/v1beta/projects/inutriscan/instances {}
[info] i  functions: preparing cloud_functions directory for uploading... 
[info] i  functions: packaged C:\Users\andre\Desktop\iNutriScan\NutriScanApp\cloud_functions (77.44 KB) for uploading 
[debug] [2025-05-27T19:57:49.078Z] Checked if tokens are valid: true, expires at: 1748379445275
[debug] [2025-05-27T19:57:49.079Z] Checked if tokens are valid: true, expires at: 1748379445275
[debug] [2025-05-27T19:57:49.079Z] >>> [apiv2][query] GET https://cloudfunctions.googleapis.com/v1/projects/inutriscan/locations/-/functions [none]
[debug] [2025-05-27T19:57:49.837Z] <<< [apiv2][status] GET https://cloudfunctions.googleapis.com/v1/projects/inutriscan/locations/-/functions 200
[debug] [2025-05-27T19:57:49.838Z] <<< [apiv2][body] GET https://cloudfunctions.googleapis.com/v1/projects/inutriscan/locations/-/functions {"functions":[{"name":"projects/inutriscan/locations/us-central1/functions/onExerciseCompleted","eventTrigger":{"eventType":"providers/cloud.firestore/eventTypes/document.update","resource":"projects/inutriscan/databases/(default)/documents/users/{userId}","service":"firestore.googleapis.com","failurePolicy":{}},"status":"ACTIVE","entryPoint":"onExerciseCompleted","timeout":"60s","availableMemoryMb":256,"serviceAccountEmail":"inutriscan@appspot.gserviceaccount.com","updateTime":"2025-05-27T16:40:48.706052771Z","versionId":"1","labels":{"deployment-tool":"cli-firebase","firebase-functions-hash":"98192e085bcb1e1153a91110ed1357023d3f4eb4"},"sourceUploadUrl":"https://storage.googleapis.com/uploads-803506353146.us-central1.cloudfunctions.appspot.com/e3daa673-81ea-4d2c-a22a-433625f734dc.zip","environmentVariables":{"FIREBASE_CONFIG":"{\"projectId\":\"inutriscan\",\"storageBucket\":\"inutriscan.firebasestorage.app\"}","GCLOUD_PROJECT":"inutriscan","EVENTARC_CLOUD_EVENT_SOURCE":"projects/inutriscan/locations/us-central1/functions/onExerciseCompleted"},"runtime":"nodejs18","maxInstances":3000,"ingressSettings":"ALLOW_ALL","buildId":"7379d4e3-f0e6-4cc8-8a80-ebca0229fcd6","buildEnvironmentVariables":{"GOOGLE_NODE_RUN_SCRIPTS":""},"buildName":"projects/604265048430/locations/us-central1/builds/7379d4e3-f0e6-4cc8-8a80-ebca0229fcd6","dockerRegistry":"ARTIFACT_REGISTRY","automaticUpdatePolicy":{},"buildServiceAccount":"projects/inutriscan/serviceAccounts/604265048430-compute@developer.gserviceaccount.com","satisfiesPzi":true},{"name":"projects/inutriscan/locations/us-central1/functions/getDailyKcalBalance","httpsTrigger":{"url":"https://us-central1-inutriscan.cloudfunctions.net/getDailyKcalBalance","securityLevel":"SECURE_ALWAYS"},"status":"ACTIVE","entryPoint":"getDailyKcalBalance","timeout":"60s","availableMemoryMb":256,"serviceAccountEmail":"inutriscan@appspot.gserviceaccount.com","updateTime":"2025-05-27T17:58:36.843522030Z","versionId":"1","labels":{"deployment-tool":"cli-firebase","deployment-callable":"true","firebase-functions-hash":"282ebc09810424a9612cbf6dddc6be602ea9db82"},"sourceUploadUrl":"https://storage.googleapis.com/uploads-803506353146.us-central1.cloudfunctions.appspot.com/0d0a7c73-b373-48e9-b5f8-2c2a87d250cb.zip","environmentVariables":{"FIREBASE_CONFIG":"{\"projectId\":\"inutriscan\",\"storageBucket\":\"inutriscan.firebasestorage.app\"}","GCLOUD_PROJECT":"inutriscan","EVENTARC_CLOUD_EVENT_SOURCE":"projects/inutriscan/locations/us-central1/functions/getDailyKcalBalance"},"runtime":"nodejs18","ingressSettings":"ALLOW_ALL","buildId":"d64ac10b-2ca1-483c-810a-c4645aff789c","buildEnvironmentVariables":{"GOOGLE_NODE_RUN_SCRIPTS":""},"buildName":"projects/604265048430/locations/us-central1/builds/d64ac10b-2ca1-483c-810a-c4645aff789c","dockerRegistry":"ARTIFACT_REGISTRY","automaticUpdatePolicy":{},"buildServiceAccount":"projects/inutriscan/serviceAccounts/604265048430-compute@developer.gserviceaccount.com","satisfiesPzi":true},{"name":"projects/inutriscan/locations/us-central1/functions/createANewPlan","eventTrigger":{"eventType":"providers/cloud.firestore/eventTypes/document.update","resource":"projects/inutriscan/databases/(default)/documents/users/{userId}","service":"firestore.googleapis.com","failurePolicy":{}},"status":"ACTIVE","entryPoint":"createANewPlan","timeout":"60s","availableMemoryMb":256,"serviceAccountEmail":"inutriscan@appspot.gserviceaccount.com","updateTime":"2025-05-27T17:13:33.262Z","versionId":"7","labels":{"deployment-tool":"cli-firebase","firebase-functions-hash":"4868817449d7ee3c962ce1ad0f95b7344afc8df2"},"sourceUploadUrl":"https://storage.googleapis.com/uploads-803506353146.us-central1.cloudfunctions.appspot.com/4482e614-6d91-480b-b58b-5e9780b48886.zip","environmentVariables":{"FIREBASE_CONFIG":"{\"projectId\":\"inutriscan\",\"storageBucket\":\"inutriscan.firebasestorage.app\"}","GCLOUD_PROJECT":"inutriscan","EVENTARC_CLOUD_EVENT_SOURCE":"projects/inutriscan/locations/us-central1/functions/createANewPlan"},"runtime":"nodejs18","maxInstances":3000,"ingressSettings":"ALLOW_ALL","buildId":"5f123513-b212-453c-9efd-1cae82c33dda","buildEnvironmentVariables":{"GOOGLE_NODE_RUN_SCRIPTS":""},"buildName":"projects/604265048430/locations/us-central1/builds/5f123513-b212-453c-9efd-1cae82c33dda","dockerRegistry":"ARTIFACT_REGISTRY","automaticUpdatePolicy":{},"buildServiceAccount":"projects/inutriscan/serviceAccounts/604265048430-compute@developer.gserviceaccount.com","satisfiesPzi":true},{"name":"projects/inutriscan/locations/us-central1/functions/createUserDocument","eventTrigger":{"eventType":"providers/firebase.auth/eventTypes/user.create","resource":"projects/inutriscan","service":"firebaseauth.googleapis.com","failurePolicy":{}},"status":"ACTIVE","entryPoint":"createUserDocument","timeout":"60s","availableMemoryMb":256,"serviceAccountEmail":"inutriscan@appspot.gserviceaccount.com","updateTime":"2025-05-26T18:49:48.134Z","versionId":"5","labels":{"deployment-tool":"cli-firebase","firebase-functions-hash":"b1190e1b957a1d2d05791a64a3ffad06bdcb0ee4"},"sourceUploadUrl":"https://storage.googleapis.com/uploads-803506353146.us-central1.cloudfunctions.appspot.com/35453902-9e1e-4bb7-894d-1471aff8b322.zip","environmentVariables":{"FIREBASE_CONFIG":"{\"projectId\":\"inutriscan\",\"storageBucket\":\"inutriscan.firebasestorage.app\"}","GCLOUD_PROJECT":"inutriscan","EVENTARC_CLOUD_EVENT_SOURCE":"projects/inutriscan/locations/us-central1/functions/createUserDocument"},"runtime":"nodejs18","maxInstances":3000,"ingressSettings":"ALLOW_ALL","buildId":"7619210c-c3e3-4168-95db-28b4707cfc41","buildEnvironmentVariables":{"GOOGLE_NODE_RUN_SCRIPTS":""},"buildName":"projects/604265048430/locations/us-central1/builds/7619210c-c3e3-4168-95db-28b4707cfc41","dockerRegistry":"ARTIFACT_REGISTRY","automaticUpdatePolicy":{},"buildServiceAccount":"projects/inutriscan/serviceAccounts/604265048430-compute@developer.gserviceaccount.com","satisfiesPzi":true}]}
[debug] [2025-05-27T19:57:49.840Z] Checked if tokens are valid: true, expires at: 1748379445275
[debug] [2025-05-27T19:57:49.840Z] Checked if tokens are valid: true, expires at: 1748379445275
[debug] [2025-05-27T19:57:49.841Z] >>> [apiv2][query] GET https://cloudfunctions.googleapis.com/v2/projects/inutriscan/locations/-/functions filter=environment%3D%22GEN_2%22
[debug] [2025-05-27T19:57:50.861Z] <<< [apiv2][status] GET https://cloudfunctions.googleapis.com/v2/projects/inutriscan/locations/-/functions 200
[debug] [2025-05-27T19:57:50.861Z] <<< [apiv2][body] GET https://cloudfunctions.googleapis.com/v2/projects/inutriscan/locations/-/functions {}
[debug] [2025-05-27T19:57:50.872Z] Checked if tokens are valid: true, expires at: 1748379445275
[debug] [2025-05-27T19:57:50.872Z] Checked if tokens are valid: true, expires at: 1748379445275
[debug] [2025-05-27T19:57:50.873Z] >>> [apiv2][query] GET https://serviceusage.googleapis.com/v1/projects/inutriscan/services/cloudresourcemanager.googleapis.com [none]
[debug] [2025-05-27T19:57:50.873Z] >>> [apiv2][(partial)header] GET https://serviceusage.googleapis.com/v1/projects/inutriscan/services/cloudresourcemanager.googleapis.com x-goog-quota-user=projects/inutriscan
[debug] [2025-05-27T19:57:51.793Z] <<< [apiv2][status] GET https://serviceusage.googleapis.com/v1/projects/inutriscan/services/cloudresourcemanager.googleapis.com 200
[debug] [2025-05-27T19:57:51.793Z] <<< [apiv2][body] GET https://serviceusage.googleapis.com/v1/projects/inutriscan/services/cloudresourcemanager.googleapis.com [omitted]
[debug] [2025-05-27T19:57:51.793Z] Checked if tokens are valid: true, expires at: 1748379445275
[debug] [2025-05-27T19:57:51.794Z] Checked if tokens are valid: true, expires at: 1748379445275
[debug] [2025-05-27T19:57:51.794Z] >>> [apiv2][query] GET https://cloudresourcemanager.googleapis.com/v1/projects/inutriscan [none]
[debug] [2025-05-27T19:57:51.965Z] <<< [apiv2][status] GET https://cloudresourcemanager.googleapis.com/v1/projects/inutriscan 200
[debug] [2025-05-27T19:57:51.965Z] <<< [apiv2][body] GET https://cloudresourcemanager.googleapis.com/v1/projects/inutriscan {"projectNumber":"604265048430","projectId":"inutriscan","lifecycleState":"ACTIVE","name":"iNutriScan","labels":{"firebase":"enabled","firebase-core":"disabled"},"createTime":"2025-05-04T18:28:50.881534Z"}
[debug] [2025-05-27T19:57:51.967Z] Checked if tokens are valid: true, expires at: 1748379445275
[debug] [2025-05-27T19:57:51.967Z] Checked if tokens are valid: true, expires at: 1748379445275
[debug] [2025-05-27T19:57:51.967Z] >>> [apiv2][query] GET https://cloudbilling.googleapis.com/v1/projects/inutriscan/billingInfo [none]
[debug] [2025-05-27T19:57:52.402Z] <<< [apiv2][status] GET https://cloudbilling.googleapis.com/v1/projects/inutriscan/billingInfo 200
[debug] [2025-05-27T19:57:52.402Z] <<< [apiv2][body] GET https://cloudbilling.googleapis.com/v1/projects/inutriscan/billingInfo {"name":"projects/inutriscan/billingInfo","projectId":"inutriscan","billingAccountName":"billingAccounts/01E0A3-F64885-40858D","billingEnabled":true}
[debug] [2025-05-27T19:57:52.406Z] Checked if tokens are valid: true, expires at: 1748379445275
[debug] [2025-05-27T19:57:52.406Z] Checked if tokens are valid: true, expires at: 1748379445275
[debug] [2025-05-27T19:57:52.406Z] >>> [apiv2][query] POST https://cloudfunctions.googleapis.com/v1/projects/inutriscan/locations/us-central1/functions:generateUploadUrl [none]
[debug] [2025-05-27T19:57:52.406Z] >>> [apiv2][body] POST https://cloudfunctions.googleapis.com/v1/projects/inutriscan/locations/us-central1/functions:generateUploadUrl {}
[debug] [2025-05-27T19:57:52.954Z] <<< [apiv2][status] POST https://cloudfunctions.googleapis.com/v1/projects/inutriscan/locations/us-central1/functions:generateUploadUrl 200
[debug] [2025-05-27T19:57:52.955Z] <<< [apiv2][body] POST https://cloudfunctions.googleapis.com/v1/projects/inutriscan/locations/us-central1/functions:generateUploadUrl {"uploadUrl":"https://storage.googleapis.com/uploads-803506353146.us-central1.cloudfunctions.appspot.com/1596a08c-202d-46f4-b817-16449532e86f.zip?GoogleAccessId=service-604265048430@gcf-admin-robot.iam.gserviceaccount.com&Expires=1748377673&Signature=qciWKZv4omVZ0DgakyDUh5%2BuBGC6ZPaqQG413Qqggbk8QIitUnFAsN1dDKevX%2FCTBXZ2Amo9A4bR0O5qboQMpc7LdCPO8zQ1plrf17QgyZWIncxlvsmWVzb8KcPR%2F6WNMXcVHT3TxHqiUY1QPzQDqkVm3IUhO6s%2B28ZOJFhrTciotNjiHsPlwRC%2BBAjPOGHfSl1eAETq%2Bb%2B5yFsiMHfMBwKJ0bU60Wc76AAquiV1XL5wp9yOCkpWuzzdQHW7uIjv2Ga1Ggv%2FB9s9T34erIJTkvi058rp9CQfeyESsH1KZujMLiK65tOtOkXfnq7F8Cd20ZU7Uo82ZUConnr5s2IsuQ%3D%3D"}
[debug] [2025-05-27T19:57:52.957Z] >>> [apiv2][query] PUT https://storage.googleapis.com/uploads-803506353146.us-central1.cloudfunctions.appspot.com/1596a08c-202d-46f4-b817-16449532e86f.zip GoogleAccessId=service-604265048430%40gcf-admin-robot.iam.gserviceaccount.com&Expires=1748377673&Signature=qciWKZv4omVZ0DgakyDUh5%2BuBGC6ZPaqQG413Qqggbk8QIitUnFAsN1dDKevX%2FCTBXZ2Amo9A4bR0O5qboQMpc7LdCPO8zQ1plrf17QgyZWIncxlvsmWVzb8KcPR%2F6WNMXcVHT3TxHqiUY1QPzQDqkVm3IUhO6s%2B28ZOJFhrTciotNjiHsPlwRC%2BBAjPOGHfSl1eAETq%2Bb%2B5yFsiMHfMBwKJ0bU60Wc76AAquiV1XL5wp9yOCkpWuzzdQHW7uIjv2Ga1Ggv%2FB9s9T34erIJTkvi058rp9CQfeyESsH1KZujMLiK65tOtOkXfnq7F8Cd20ZU7Uo82ZUConnr5s2IsuQ%3D%3D
[debug] [2025-05-27T19:57:52.957Z] >>> [apiv2][body] PUT https://storage.googleapis.com/uploads-803506353146.us-central1.cloudfunctions.appspot.com/1596a08c-202d-46f4-b817-16449532e86f.zip [stream]
[debug] [2025-05-27T19:57:53.474Z] <<< [apiv2][status] PUT https://storage.googleapis.com/uploads-803506353146.us-central1.cloudfunctions.appspot.com/1596a08c-202d-46f4-b817-16449532e86f.zip 200
[debug] [2025-05-27T19:57:53.475Z] <<< [apiv2][body] PUT https://storage.googleapis.com/uploads-803506353146.us-central1.cloudfunctions.appspot.com/1596a08c-202d-46f4-b817-16449532e86f.zip [omitted]
[info] +  functions: cloud_functions folder uploaded successfully 
[info] i  functions: updating Node.js 18 (1st Gen) function getDailyKcalBalance(us-central1)... 
[debug] [2025-05-27T19:57:53.492Z] Checked if tokens are valid: true, expires at: 1748379445275
[debug] [2025-05-27T19:57:53.492Z] Checked if tokens are valid: true, expires at: 1748379445275
[debug] [2025-05-27T19:57:53.493Z] >>> [apiv2][query] PATCH https://cloudfunctions.googleapis.com/v1/projects/inutriscan/locations/us-central1/functions/getDailyKcalBalance updateMask=name%2CsourceUploadUrl%2CentryPoint%2Cruntime%2CdockerRegistry%2Clabels%2ChttpsTrigger.securityLevel%2CminInstances%2CmaxInstances%2CingressSettings%2CenvironmentVariables%2CserviceAccountEmail%2CavailableMemoryMb%2Ctimeout%2CvpcConnector%2CvpcConnectorEgressSettings%2CsourceToken%2CbuildEnvironmentVariables
[debug] [2025-05-27T19:57:53.493Z] >>> [apiv2][body] PATCH https://cloudfunctions.googleapis.com/v1/projects/inutriscan/locations/us-central1/functions/getDailyKcalBalance {"name":"projects/inutriscan/locations/us-central1/functions/getDailyKcalBalance","sourceUploadUrl":"https://storage.googleapis.com/uploads-803506353146.us-central1.cloudfunctions.appspot.com/1596a08c-202d-46f4-b817-16449532e86f.zip?GoogleAccessId=service-604265048430@gcf-admin-robot.iam.gserviceaccount.com&Expires=1748377673&Signature=qciWKZv4omVZ0DgakyDUh5%2BuBGC6ZPaqQG413Qqggbk8QIitUnFAsN1dDKevX%2FCTBXZ2Amo9A4bR0O5qboQMpc7LdCPO8zQ1plrf17QgyZWIncxlvsmWVzb8KcPR%2F6WNMXcVHT3TxHqiUY1QPzQDqkVm3IUhO6s%2B28ZOJFhrTciotNjiHsPlwRC%2BBAjPOGHfSl1eAETq%2Bb%2B5yFsiMHfMBwKJ0bU60Wc76AAquiV1XL5wp9yOCkpWuzzdQHW7uIjv2Ga1Ggv%2FB9s9T34erIJTkvi058rp9CQfeyESsH1KZujMLiK65tOtOkXfnq7F8Cd20ZU7Uo82ZUConnr5s2IsuQ%3D%3D","entryPoint":"getDailyKcalBalance","runtime":"nodejs18","dockerRegistry":"ARTIFACT_REGISTRY","labels":{"deployment-tool":"cli-firebase","deployment-callable":"true","firebase-functions-hash":"0af591d400bd52212003748e872b6540540a0c17"},"httpsTrigger":{"securityLevel":"SECURE_ALWAYS"},"minInstances":null,"maxInstances":null,"ingressSettings":null,"environmentVariables":{"FIREBASE_CONFIG":"{\"projectId\":\"inutriscan\",\"storageBucket\":\"inutriscan.firebasestorage.app\"}","GCLOUD_PROJECT":"inutriscan","EVENTARC_CLOUD_EVENT_SOURCE":"projects/inutriscan/locations/us-central1/functions/getDailyKcalBalance"},"serviceAccountEmail":null,"availableMemoryMb":null,"timeout":null,"vpcConnector":null,"vpcConnectorEgressSettings":null,"buildEnvironmentVariables":{"GOOGLE_NODE_RUN_SCRIPTS":""}}
[debug] [2025-05-27T19:57:54.007Z] <<< [apiv2][status] PATCH https://cloudfunctions.googleapis.com/v1/projects/inutriscan/locations/us-central1/functions/getDailyKcalBalance 200
[debug] [2025-05-27T19:57:54.007Z] <<< [apiv2][body] PATCH https://cloudfunctions.googleapis.com/v1/projects/inutriscan/locations/us-central1/functions/getDailyKcalBalance {"name":"operations/aW51dHJpc2Nhbi91cy1jZW50cmFsMS9nZXREYWlseUtjYWxCYWxhbmNlL1BkcmREM3RqdzZr","metadata":{"@type":"type.googleapis.com/google.cloud.functions.v1.OperationMetadataV1","target":"projects/inutriscan/locations/us-central1/functions/getDailyKcalBalance","type":"UPDATE_FUNCTION","request":{"@type":"type.googleapis.com/google.cloud.functions.v1.CloudFunction","name":"projects/inutriscan/locations/us-central1/functions/getDailyKcalBalance","httpsTrigger":{"url":"https://us-central1-inutriscan.cloudfunctions.net/getDailyKcalBalance","securityLevel":"SECURE_ALWAYS"},"status":"ACTIVE","entryPoint":"getDailyKcalBalance","updateTime":"2025-05-27T17:58:35.826Z","versionId":"1","labels":{"deployment-tool":"cli-firebase","deployment-callable":"true","firebase-functions-hash":"0af591d400bd52212003748e872b6540540a0c17"},"sourceUploadUrl":"https://storage.googleapis.com/uploads-803506353146.us-central1.cloudfunctions.appspot.com/1596a08c-202d-46f4-b817-16449532e86f.zip?GoogleAccessId=service-604265048430@gcf-admin-robot.iam.gserviceaccount.com&Expires=1748377673&Signature=qciWKZv4omVZ0DgakyDUh5%2BuBGC6ZPaqQG413Qqggbk8QIitUnFAsN1dDKevX%2FCTBXZ2Amo9A4bR0O5qboQMpc7LdCPO8zQ1plrf17QgyZWIncxlvsmWVzb8KcPR%2F6WNMXcVHT3TxHqiUY1QPzQDqkVm3IUhO6s%2B28ZOJFhrTciotNjiHsPlwRC%2BBAjPOGHfSl1eAETq%2Bb%2B5yFsiMHfMBwKJ0bU60Wc76AAquiV1XL5wp9yOCkpWuzzdQHW7uIjv2Ga1Ggv%2FB9s9T34erIJTkvi058rp9CQfeyESsH1KZujMLiK65tOtOkXfnq7F8Cd20ZU7Uo82ZUConnr5s2IsuQ%3D%3D","environmentVariables":{"FIREBASE_CONFIG":"{\"projectId\":\"inutriscan\",\"storageBucket\":\"inutriscan.firebasestorage.app\"}","GCLOUD_PROJECT":"inutriscan","EVENTARC_CLOUD_EVENT_SOURCE":"projects/inutriscan/locations/us-central1/functions/getDailyKcalBalance"},"runtime":"nodejs18","buildId":"d64ac10b-2ca1-483c-810a-c4645aff789c","buildEnvironmentVariables":{"GOOGLE_NODE_RUN_SCRIPTS":""},"buildName":"projects/604265048430/locations/us-central1/builds/d64ac10b-2ca1-483c-810a-c4645aff789c","dockerRegistry":"ARTIFACT_REGISTRY","automaticUpdatePolicy":{},"buildServiceAccount":"projects/inutriscan/serviceAccounts/604265048430-compute@developer.gserviceaccount.com"},"versionId":"2","updateTime":"2025-05-27T19:57:54Z"}}
[debug] [2025-05-27T19:57:54.009Z] Checked if tokens are valid: true, expires at: 1748379445275
[debug] [2025-05-27T19:57:54.009Z] Checked if tokens are valid: true, expires at: 1748379445275
[debug] [2025-05-27T19:57:54.010Z] >>> [apiv2][query] GET https://cloudfunctions.googleapis.com/v1/operations/aW51dHJpc2Nhbi91cy1jZW50cmFsMS9nZXREYWlseUtjYWxCYWxhbmNlL1BkcmREM3RqdzZr [none]
[debug] [2025-05-27T19:57:54.241Z] <<< [apiv2][status] GET https://cloudfunctions.googleapis.com/v1/operations/aW51dHJpc2Nhbi91cy1jZW50cmFsMS9nZXREYWlseUtjYWxCYWxhbmNlL1BkcmREM3RqdzZr 200
[debug] [2025-05-27T19:57:54.241Z] <<< [apiv2][body] GET https://cloudfunctions.googleapis.com/v1/operations/aW51dHJpc2Nhbi91cy1jZW50cmFsMS9nZXREYWlseUtjYWxCYWxhbmNlL1BkcmREM3RqdzZr {"name":"operations/aW51dHJpc2Nhbi91cy1jZW50cmFsMS9nZXREYWlseUtjYWxCYWxhbmNlL1BkcmREM3RqdzZr","metadata":{"@type":"type.googleapis.com/google.cloud.functions.v1.OperationMetadataV1","target":"projects/inutriscan/locations/us-central1/functions/getDailyKcalBalance","type":"UPDATE_FUNCTION","request":{"@type":"type.googleapis.com/google.cloud.functions.v1.CloudFunction","name":"projects/inutriscan/locations/us-central1/functions/getDailyKcalBalance","httpsTrigger":{"url":"https://us-central1-inutriscan.cloudfunctions.net/getDailyKcalBalance","securityLevel":"SECURE_ALWAYS"},"status":"ACTIVE","entryPoint":"getDailyKcalBalance","updateTime":"2025-05-27T17:58:35.826Z","versionId":"1","labels":{"deployment-tool":"cli-firebase","deployment-callable":"true","firebase-functions-hash":"0af591d400bd52212003748e872b6540540a0c17"},"sourceUploadUrl":"https://storage.googleapis.com/uploads-803506353146.us-central1.cloudfunctions.appspot.com/1596a08c-202d-46f4-b817-16449532e86f.zip?GoogleAccessId=service-604265048430@gcf-admin-robot.iam.gserviceaccount.com&Expires=1748377673&Signature=qciWKZv4omVZ0DgakyDUh5%2BuBGC6ZPaqQG413Qqggbk8QIitUnFAsN1dDKevX%2FCTBXZ2Amo9A4bR0O5qboQMpc7LdCPO8zQ1plrf17QgyZWIncxlvsmWVzb8KcPR%2F6WNMXcVHT3TxHqiUY1QPzQDqkVm3IUhO6s%2B28ZOJFhrTciotNjiHsPlwRC%2BBAjPOGHfSl1eAETq%2Bb%2B5yFsiMHfMBwKJ0bU60Wc76AAquiV1XL5wp9yOCkpWuzzdQHW7uIjv2Ga1Ggv%2FB9s9T34erIJTkvi058rp9CQfeyESsH1KZujMLiK65tOtOkXfnq7F8Cd20ZU7Uo82ZUConnr5s2IsuQ%3D%3D","environmentVariables":{"FIREBASE_CONFIG":"{\"projectId\":\"inutriscan\",\"storageBucket\":\"inutriscan.firebasestorage.app\"}","GCLOUD_PROJECT":"inutriscan","EVENTARC_CLOUD_EVENT_SOURCE":"projects/inutriscan/locations/us-central1/functions/getDailyKcalBalance"},"runtime":"nodejs18","buildId":"d64ac10b-2ca1-483c-810a-c4645aff789c","buildEnvironmentVariables":{"GOOGLE_NODE_RUN_SCRIPTS":""},"buildName":"projects/604265048430/locations/us-central1/builds/d64ac10b-2ca1-483c-810a-c4645aff789c","dockerRegistry":"ARTIFACT_REGISTRY","automaticUpdatePolicy":{},"buildServiceAccount":"projects/inutriscan/serviceAccounts/604265048430-compute@developer.gserviceaccount.com"},"versionId":"2","updateTime":"2025-05-27T19:57:54Z"}}
[debug] [2025-05-27T19:57:54.751Z] [update-default-us-central1-getDailyKcalBalance] Retrying task index 0
[debug] [2025-05-27T19:57:54.752Z] Checked if tokens are valid: true, expires at: 1748379445275
[debug] [2025-05-27T19:57:54.752Z] Checked if tokens are valid: true, expires at: 1748379445275
[debug] [2025-05-27T19:57:54.752Z] >>> [apiv2][query] GET https://cloudfunctions.googleapis.com/v1/operations/aW51dHJpc2Nhbi91cy1jZW50cmFsMS9nZXREYWlseUtjYWxCYWxhbmNlL1BkcmREM3RqdzZr [none]
[debug] [2025-05-27T19:57:55.031Z] <<< [apiv2][status] GET https://cloudfunctions.googleapis.com/v1/operations/aW51dHJpc2Nhbi91cy1jZW50cmFsMS9nZXREYWlseUtjYWxCYWxhbmNlL1BkcmREM3RqdzZr 200
[debug] [2025-05-27T19:57:55.032Z] <<< [apiv2][body] GET https://cloudfunctions.googleapis.com/v1/operations/aW51dHJpc2Nhbi91cy1jZW50cmFsMS9nZXREYWlseUtjYWxCYWxhbmNlL1BkcmREM3RqdzZr {"name":"operations/aW51dHJpc2Nhbi91cy1jZW50cmFsMS9nZXREYWlseUtjYWxCYWxhbmNlL1BkcmREM3RqdzZr","metadata":{"@type":"type.googleapis.com/google.cloud.functions.v1.OperationMetadataV1","target":"projects/inutriscan/locations/us-central1/functions/getDailyKcalBalance","type":"UPDATE_FUNCTION","request":{"@type":"type.googleapis.com/google.cloud.functions.v1.CloudFunction","name":"projects/inutriscan/locations/us-central1/functions/getDailyKcalBalance","httpsTrigger":{"url":"https://us-central1-inutriscan.cloudfunctions.net/getDailyKcalBalance","securityLevel":"SECURE_ALWAYS"},"status":"ACTIVE","entryPoint":"getDailyKcalBalance","updateTime":"2025-05-27T17:58:35.826Z","versionId":"1","labels":{"deployment-tool":"cli-firebase","deployment-callable":"true","firebase-functions-hash":"0af591d400bd52212003748e872b6540540a0c17"},"sourceUploadUrl":"https://storage.googleapis.com/uploads-803506353146.us-central1.cloudfunctions.appspot.com/1596a08c-202d-46f4-b817-16449532e86f.zip?GoogleAccessId=service-604265048430@gcf-admin-robot.iam.gserviceaccount.com&Expires=1748377673&Signature=qciWKZv4omVZ0DgakyDUh5%2BuBGC6ZPaqQG413Qqggbk8QIitUnFAsN1dDKevX%2FCTBXZ2Amo9A4bR0O5qboQMpc7LdCPO8zQ1plrf17QgyZWIncxlvsmWVzb8KcPR%2F6WNMXcVHT3TxHqiUY1QPzQDqkVm3IUhO6s%2B28ZOJFhrTciotNjiHsPlwRC%2BBAjPOGHfSl1eAETq%2Bb%2B5yFsiMHfMBwKJ0bU60Wc76AAquiV1XL5wp9yOCkpWuzzdQHW7uIjv2Ga1Ggv%2FB9s9T34erIJTkvi058rp9CQfeyESsH1KZujMLiK65tOtOkXfnq7F8Cd20ZU7Uo82ZUConnr5s2IsuQ%3D%3D","environmentVariables":{"FIREBASE_CONFIG":"{\"projectId\":\"inutriscan\",\"storageBucket\":\"inutriscan.firebasestorage.app\"}","GCLOUD_PROJECT":"inutriscan","EVENTARC_CLOUD_EVENT_SOURCE":"projects/inutriscan/locations/us-central1/functions/getDailyKcalBalance"},"runtime":"nodejs18","buildId":"d64ac10b-2ca1-483c-810a-c4645aff789c","buildEnvironmentVariables":{"GOOGLE_NODE_RUN_SCRIPTS":""},"buildName":"projects/604265048430/locations/us-central1/builds/d64ac10b-2ca1-483c-810a-c4645aff789c","dockerRegistry":"ARTIFACT_REGISTRY","automaticUpdatePolicy":{},"buildServiceAccount":"projects/inutriscan/serviceAccounts/604265048430-compute@developer.gserviceaccount.com"},"versionId":"2","updateTime":"2025-05-27T19:57:54Z","buildId":"47f0af91-7a37-48c8-9cd8-162f1febd506","buildName":"projects/604265048430/locations/us-central1/builds/47f0af91-7a37-48c8-9cd8-162f1febd506"}}
[debug] [2025-05-27T19:57:56.046Z] [update-default-us-central1-getDailyKcalBalance] Retrying task index 0
[debug] [2025-05-27T19:57:56.047Z] Checked if tokens are valid: true, expires at: 1748379445275
[debug] [2025-05-27T19:57:56.047Z] Checked if tokens are valid: true, expires at: 1748379445275
[debug] [2025-05-27T19:57:56.047Z] >>> [apiv2][query] GET https://cloudfunctions.googleapis.com/v1/operations/aW51dHJpc2Nhbi91cy1jZW50cmFsMS9nZXREYWlseUtjYWxCYWxhbmNlL1BkcmREM3RqdzZr [none]
[debug] [2025-05-27T19:57:56.230Z] <<< [apiv2][status] GET https://cloudfunctions.googleapis.com/v1/operations/aW51dHJpc2Nhbi91cy1jZW50cmFsMS9nZXREYWlseUtjYWxCYWxhbmNlL1BkcmREM3RqdzZr 200
[debug] [2025-05-27T19:57:56.230Z] <<< [apiv2][body] GET https://cloudfunctions.googleapis.com/v1/operations/aW51dHJpc2Nhbi91cy1jZW50cmFsMS9nZXREYWlseUtjYWxCYWxhbmNlL1BkcmREM3RqdzZr {"name":"operations/aW51dHJpc2Nhbi91cy1jZW50cmFsMS9nZXREYWlseUtjYWxCYWxhbmNlL1BkcmREM3RqdzZr","metadata":{"@type":"type.googleapis.com/google.cloud.functions.v1.OperationMetadataV1","target":"projects/inutriscan/locations/us-central1/functions/getDailyKcalBalance","type":"UPDATE_FUNCTION","request":{"@type":"type.googleapis.com/google.cloud.functions.v1.CloudFunction","name":"projects/inutriscan/locations/us-central1/functions/getDailyKcalBalance","httpsTrigger":{"url":"https://us-central1-inutriscan.cloudfunctions.net/getDailyKcalBalance","securityLevel":"SECURE_ALWAYS"},"status":"ACTIVE","entryPoint":"getDailyKcalBalance","updateTime":"2025-05-27T17:58:35.826Z","versionId":"1","labels":{"deployment-tool":"cli-firebase","deployment-callable":"true","firebase-functions-hash":"0af591d400bd52212003748e872b6540540a0c17"},"sourceUploadUrl":"https://storage.googleapis.com/uploads-803506353146.us-central1.cloudfunctions.appspot.com/1596a08c-202d-46f4-b817-16449532e86f.zip?GoogleAccessId=service-604265048430@gcf-admin-robot.iam.gserviceaccount.com&Expires=1748377673&Signature=qciWKZv4omVZ0DgakyDUh5%2BuBGC6ZPaqQG413Qqggbk8QIitUnFAsN1dDKevX%2FCTBXZ2Amo9A4bR0O5qboQMpc7LdCPO8zQ1plrf17QgyZWIncxlvsmWVzb8KcPR%2F6WNMXcVHT3TxHqiUY1QPzQDqkVm3IUhO6s%2B28ZOJFhrTciotNjiHsPlwRC%2BBAjPOGHfSl1eAETq%2Bb%2B5yFsiMHfMBwKJ0bU60Wc76AAquiV1XL5wp9yOCkpWuzzdQHW7uIjv2Ga1Ggv%2FB9s9T34erIJTkvi058rp9CQfeyESsH1KZujMLiK65tOtOkXfnq7F8Cd20ZU7Uo82ZUConnr5s2IsuQ%3D%3D","environmentVariables":{"FIREBASE_CONFIG":"{\"projectId\":\"inutriscan\",\"storageBucket\":\"inutriscan.firebasestorage.app\"}","GCLOUD_PROJECT":"inutriscan","EVENTARC_CLOUD_EVENT_SOURCE":"projects/inutriscan/locations/us-central1/functions/getDailyKcalBalance"},"runtime":"nodejs18","buildId":"d64ac10b-2ca1-483c-810a-c4645aff789c","buildEnvironmentVariables":{"GOOGLE_NODE_RUN_SCRIPTS":""},"buildName":"projects/604265048430/locations/us-central1/builds/d64ac10b-2ca1-483c-810a-c4645aff789c","dockerRegistry":"ARTIFACT_REGISTRY","automaticUpdatePolicy":{},"buildServiceAccount":"projects/inutriscan/serviceAccounts/604265048430-compute@developer.gserviceaccount.com"},"versionId":"2","updateTime":"2025-05-27T19:57:54Z","buildId":"47f0af91-7a37-48c8-9cd8-162f1febd506","buildName":"projects/604265048430/locations/us-central1/builds/47f0af91-7a37-48c8-9cd8-162f1febd506"}}
[debug] [2025-05-27T19:57:58.238Z] [update-default-us-central1-getDailyKcalBalance] Retrying task index 0
[debug] [2025-05-27T19:57:58.239Z] Checked if tokens are valid: true, expires at: 1748379445275
[debug] [2025-05-27T19:57:58.239Z] Checked if tokens are valid: true, expires at: 1748379445275
[debug] [2025-05-27T19:57:58.239Z] >>> [apiv2][query] GET https://cloudfunctions.googleapis.com/v1/operations/aW51dHJpc2Nhbi91cy1jZW50cmFsMS9nZXREYWlseUtjYWxCYWxhbmNlL1BkcmREM3RqdzZr [none]
[debug] [2025-05-27T19:57:58.478Z] <<< [apiv2][status] GET https://cloudfunctions.googleapis.com/v1/operations/aW51dHJpc2Nhbi91cy1jZW50cmFsMS9nZXREYWlseUtjYWxCYWxhbmNlL1BkcmREM3RqdzZr 200
[debug] [2025-05-27T19:57:58.481Z] <<< [apiv2][body] GET https://cloudfunctions.googleapis.com/v1/operations/aW51dHJpc2Nhbi91cy1jZW50cmFsMS9nZXREYWlseUtjYWxCYWxhbmNlL1BkcmREM3RqdzZr {"name":"operations/aW51dHJpc2Nhbi91cy1jZW50cmFsMS9nZXREYWlseUtjYWxCYWxhbmNlL1BkcmREM3RqdzZr","metadata":{"@type":"type.googleapis.com/google.cloud.functions.v1.OperationMetadataV1","target":"projects/inutriscan/locations/us-central1/functions/getDailyKcalBalance","type":"UPDATE_FUNCTION","request":{"@type":"type.googleapis.com/google.cloud.functions.v1.CloudFunction","name":"projects/inutriscan/locations/us-central1/functions/getDailyKcalBalance","httpsTrigger":{"url":"https://us-central1-inutriscan.cloudfunctions.net/getDailyKcalBalance","securityLevel":"SECURE_ALWAYS"},"status":"ACTIVE","entryPoint":"getDailyKcalBalance","updateTime":"2025-05-27T17:58:35.826Z","versionId":"1","labels":{"deployment-tool":"cli-firebase","deployment-callable":"true","firebase-functions-hash":"0af591d400bd52212003748e872b6540540a0c17"},"sourceUploadUrl":"https://storage.googleapis.com/uploads-803506353146.us-central1.cloudfunctions.appspot.com/1596a08c-202d-46f4-b817-16449532e86f.zip?GoogleAccessId=service-604265048430@gcf-admin-robot.iam.gserviceaccount.com&Expires=1748377673&Signature=qciWKZv4omVZ0DgakyDUh5%2BuBGC6ZPaqQG413Qqggbk8QIitUnFAsN1dDKevX%2FCTBXZ2Amo9A4bR0O5qboQMpc7LdCPO8zQ1plrf17QgyZWIncxlvsmWVzb8KcPR%2F6WNMXcVHT3TxHqiUY1QPzQDqkVm3IUhO6s%2B28ZOJFhrTciotNjiHsPlwRC%2BBAjPOGHfSl1eAETq%2Bb%2B5yFsiMHfMBwKJ0bU60Wc76AAquiV1XL5wp9yOCkpWuzzdQHW7uIjv2Ga1Ggv%2FB9s9T34erIJTkvi058rp9CQfeyESsH1KZujMLiK65tOtOkXfnq7F8Cd20ZU7Uo82ZUConnr5s2IsuQ%3D%3D","environmentVariables":{"FIREBASE_CONFIG":"{\"projectId\":\"inutriscan\",\"storageBucket\":\"inutriscan.firebasestorage.app\"}","GCLOUD_PROJECT":"inutriscan","EVENTARC_CLOUD_EVENT_SOURCE":"projects/inutriscan/locations/us-central1/functions/getDailyKcalBalance"},"runtime":"nodejs18","buildId":"d64ac10b-2ca1-483c-810a-c4645aff789c","buildEnvironmentVariables":{"GOOGLE_NODE_RUN_SCRIPTS":""},"buildName":"projects/604265048430/locations/us-central1/builds/d64ac10b-2ca1-483c-810a-c4645aff789c","dockerRegistry":"ARTIFACT_REGISTRY","automaticUpdatePolicy":{},"buildServiceAccount":"projects/inutriscan/serviceAccounts/604265048430-compute@developer.gserviceaccount.com"},"versionId":"2","updateTime":"2025-05-27T19:57:54Z","buildId":"47f0af91-7a37-48c8-9cd8-162f1febd506","buildName":"projects/604265048430/locations/us-central1/builds/47f0af91-7a37-48c8-9cd8-162f1febd506"}}
[debug] [2025-05-27T19:58:02.489Z] [update-default-us-central1-getDailyKcalBalance] Retrying task index 0
[debug] [2025-05-27T19:58:02.490Z] Checked if tokens are valid: true, expires at: 1748379445275
[debug] [2025-05-27T19:58:02.490Z] Checked if tokens are valid: true, expires at: 1748379445275
[debug] [2025-05-27T19:58:02.490Z] >>> [apiv2][query] GET https://cloudfunctions.googleapis.com/v1/operations/aW51dHJpc2Nhbi91cy1jZW50cmFsMS9nZXREYWlseUtjYWxCYWxhbmNlL1BkcmREM3RqdzZr [none]
[debug] [2025-05-27T19:58:02.746Z] <<< [apiv2][status] GET https://cloudfunctions.googleapis.com/v1/operations/aW51dHJpc2Nhbi91cy1jZW50cmFsMS9nZXREYWlseUtjYWxCYWxhbmNlL1BkcmREM3RqdzZr 200
[debug] [2025-05-27T19:58:02.747Z] <<< [apiv2][body] GET https://cloudfunctions.googleapis.com/v1/operations/aW51dHJpc2Nhbi91cy1jZW50cmFsMS9nZXREYWlseUtjYWxCYWxhbmNlL1BkcmREM3RqdzZr {"name":"operations/aW51dHJpc2Nhbi91cy1jZW50cmFsMS9nZXREYWlseUtjYWxCYWxhbmNlL1BkcmREM3RqdzZr","metadata":{"@type":"type.googleapis.com/google.cloud.functions.v1.OperationMetadataV1","target":"projects/inutriscan/locations/us-central1/functions/getDailyKcalBalance","type":"UPDATE_FUNCTION","request":{"@type":"type.googleapis.com/google.cloud.functions.v1.CloudFunction","name":"projects/inutriscan/locations/us-central1/functions/getDailyKcalBalance","httpsTrigger":{"url":"https://us-central1-inutriscan.cloudfunctions.net/getDailyKcalBalance","securityLevel":"SECURE_ALWAYS"},"status":"ACTIVE","entryPoint":"getDailyKcalBalance","updateTime":"2025-05-27T17:58:35.826Z","versionId":"1","labels":{"deployment-tool":"cli-firebase","deployment-callable":"true","firebase-functions-hash":"0af591d400bd52212003748e872b6540540a0c17"},"sourceUploadUrl":"https://storage.googleapis.com/uploads-803506353146.us-central1.cloudfunctions.appspot.com/1596a08c-202d-46f4-b817-16449532e86f.zip?GoogleAccessId=service-604265048430@gcf-admin-robot.iam.gserviceaccount.com&Expires=1748377673&Signature=qciWKZv4omVZ0DgakyDUh5%2BuBGC6ZPaqQG413Qqggbk8QIitUnFAsN1dDKevX%2FCTBXZ2Amo9A4bR0O5qboQMpc7LdCPO8zQ1plrf17QgyZWIncxlvsmWVzb8KcPR%2F6WNMXcVHT3TxHqiUY1QPzQDqkVm3IUhO6s%2B28ZOJFhrTciotNjiHsPlwRC%2BBAjPOGHfSl1eAETq%2Bb%2B5yFsiMHfMBwKJ0bU60Wc76AAquiV1XL5wp9yOCkpWuzzdQHW7uIjv2Ga1Ggv%2FB9s9T34erIJTkvi058rp9CQfeyESsH1KZujMLiK65tOtOkXfnq7F8Cd20ZU7Uo82ZUConnr5s2IsuQ%3D%3D","environmentVariables":{"FIREBASE_CONFIG":"{\"projectId\":\"inutriscan\",\"storageBucket\":\"inutriscan.firebasestorage.app\"}","GCLOUD_PROJECT":"inutriscan","EVENTARC_CLOUD_EVENT_SOURCE":"projects/inutriscan/locations/us-central1/functions/getDailyKcalBalance"},"runtime":"nodejs18","buildId":"d64ac10b-2ca1-483c-810a-c4645aff789c","buildEnvironmentVariables":{"GOOGLE_NODE_RUN_SCRIPTS":""},"buildName":"projects/604265048430/locations/us-central1/builds/d64ac10b-2ca1-483c-810a-c4645aff789c","dockerRegistry":"ARTIFACT_REGISTRY","automaticUpdatePolicy":{},"buildServiceAccount":"projects/inutriscan/serviceAccounts/604265048430-compute@developer.gserviceaccount.com"},"versionId":"2","updateTime":"2025-05-27T19:57:54Z","buildId":"47f0af91-7a37-48c8-9cd8-162f1febd506","buildName":"projects/604265048430/locations/us-central1/builds/47f0af91-7a37-48c8-9cd8-162f1febd506"}}
[debug] [2025-05-27T19:58:10.763Z] [update-default-us-central1-getDailyKcalBalance] Retrying task index 0
[debug] [2025-05-27T19:58:10.764Z] Checked if tokens are valid: true, expires at: 1748379445275
[debug] [2025-05-27T19:58:10.764Z] Checked if tokens are valid: true, expires at: 1748379445275
[debug] [2025-05-27T19:58:10.764Z] >>> [apiv2][query] GET https://cloudfunctions.googleapis.com/v1/operations/aW51dHJpc2Nhbi91cy1jZW50cmFsMS9nZXREYWlseUtjYWxCYWxhbmNlL1BkcmREM3RqdzZr [none]
[debug] [2025-05-27T19:58:11.040Z] <<< [apiv2][status] GET https://cloudfunctions.googleapis.com/v1/operations/aW51dHJpc2Nhbi91cy1jZW50cmFsMS9nZXREYWlseUtjYWxCYWxhbmNlL1BkcmREM3RqdzZr 200
[debug] [2025-05-27T19:58:11.040Z] <<< [apiv2][body] GET https://cloudfunctions.googleapis.com/v1/operations/aW51dHJpc2Nhbi91cy1jZW50cmFsMS9nZXREYWlseUtjYWxCYWxhbmNlL1BkcmREM3RqdzZr {"name":"operations/aW51dHJpc2Nhbi91cy1jZW50cmFsMS9nZXREYWlseUtjYWxCYWxhbmNlL1BkcmREM3RqdzZr","metadata":{"@type":"type.googleapis.com/google.cloud.functions.v1.OperationMetadataV1","target":"projects/inutriscan/locations/us-central1/functions/getDailyKcalBalance","type":"UPDATE_FUNCTION","request":{"@type":"type.googleapis.com/google.cloud.functions.v1.CloudFunction","name":"projects/inutriscan/locations/us-central1/functions/getDailyKcalBalance","httpsTrigger":{"url":"https://us-central1-inutriscan.cloudfunctions.net/getDailyKcalBalance","securityLevel":"SECURE_ALWAYS"},"status":"ACTIVE","entryPoint":"getDailyKcalBalance","updateTime":"2025-05-27T17:58:35.826Z","versionId":"1","labels":{"deployment-tool":"cli-firebase","deployment-callable":"true","firebase-functions-hash":"0af591d400bd52212003748e872b6540540a0c17"},"sourceUploadUrl":"https://storage.googleapis.com/uploads-803506353146.us-central1.cloudfunctions.appspot.com/1596a08c-202d-46f4-b817-16449532e86f.zip?GoogleAccessId=service-604265048430@gcf-admin-robot.iam.gserviceaccount.com&Expires=1748377673&Signature=qciWKZv4omVZ0DgakyDUh5%2BuBGC6ZPaqQG413Qqggbk8QIitUnFAsN1dDKevX%2FCTBXZ2Amo9A4bR0O5qboQMpc7LdCPO8zQ1plrf17QgyZWIncxlvsmWVzb8KcPR%2F6WNMXcVHT3TxHqiUY1QPzQDqkVm3IUhO6s%2B28ZOJFhrTciotNjiHsPlwRC%2BBAjPOGHfSl1eAETq%2Bb%2B5yFsiMHfMBwKJ0bU60Wc76AAquiV1XL5wp9yOCkpWuzzdQHW7uIjv2Ga1Ggv%2FB9s9T34erIJTkvi058rp9CQfeyESsH1KZujMLiK65tOtOkXfnq7F8Cd20ZU7Uo82ZUConnr5s2IsuQ%3D%3D","environmentVariables":{"FIREBASE_CONFIG":"{\"projectId\":\"inutriscan\",\"storageBucket\":\"inutriscan.firebasestorage.app\"}","GCLOUD_PROJECT":"inutriscan","EVENTARC_CLOUD_EVENT_SOURCE":"projects/inutriscan/locations/us-central1/functions/getDailyKcalBalance"},"runtime":"nodejs18","buildId":"d64ac10b-2ca1-483c-810a-c4645aff789c","buildEnvironmentVariables":{"GOOGLE_NODE_RUN_SCRIPTS":""},"buildName":"projects/604265048430/locations/us-central1/builds/d64ac10b-2ca1-483c-810a-c4645aff789c","dockerRegistry":"ARTIFACT_REGISTRY","automaticUpdatePolicy":{},"buildServiceAccount":"projects/inutriscan/serviceAccounts/604265048430-compute@developer.gserviceaccount.com"},"versionId":"2","updateTime":"2025-05-27T19:57:54Z","buildId":"47f0af91-7a37-48c8-9cd8-162f1febd506","buildName":"projects/604265048430/locations/us-central1/builds/47f0af91-7a37-48c8-9cd8-162f1febd506"}}
[debug] [2025-05-27T19:58:21.048Z] [update-default-us-central1-getDailyKcalBalance] Retrying task index 0
[debug] [2025-05-27T19:58:21.049Z] Checked if tokens are valid: true, expires at: 1748379445275
[debug] [2025-05-27T19:58:21.049Z] Checked if tokens are valid: true, expires at: 1748379445275
[debug] [2025-05-27T19:58:21.050Z] >>> [apiv2][query] GET https://cloudfunctions.googleapis.com/v1/operations/aW51dHJpc2Nhbi91cy1jZW50cmFsMS9nZXREYWlseUtjYWxCYWxhbmNlL1BkcmREM3RqdzZr [none]
[debug] [2025-05-27T19:58:21.382Z] <<< [apiv2][status] GET https://cloudfunctions.googleapis.com/v1/operations/aW51dHJpc2Nhbi91cy1jZW50cmFsMS9nZXREYWlseUtjYWxCYWxhbmNlL1BkcmREM3RqdzZr 200
[debug] [2025-05-27T19:58:21.382Z] <<< [apiv2][body] GET https://cloudfunctions.googleapis.com/v1/operations/aW51dHJpc2Nhbi91cy1jZW50cmFsMS9nZXREYWlseUtjYWxCYWxhbmNlL1BkcmREM3RqdzZr {"name":"operations/aW51dHJpc2Nhbi91cy1jZW50cmFsMS9nZXREYWlseUtjYWxCYWxhbmNlL1BkcmREM3RqdzZr","metadata":{"@type":"type.googleapis.com/google.cloud.functions.v1.OperationMetadataV1","target":"projects/inutriscan/locations/us-central1/functions/getDailyKcalBalance","type":"UPDATE_FUNCTION","request":{"@type":"type.googleapis.com/google.cloud.functions.v1.CloudFunction","name":"projects/inutriscan/locations/us-central1/functions/getDailyKcalBalance","httpsTrigger":{"url":"https://us-central1-inutriscan.cloudfunctions.net/getDailyKcalBalance","securityLevel":"SECURE_ALWAYS"},"status":"ACTIVE","entryPoint":"getDailyKcalBalance","updateTime":"2025-05-27T17:58:35.826Z","versionId":"1","labels":{"deployment-tool":"cli-firebase","deployment-callable":"true","firebase-functions-hash":"0af591d400bd52212003748e872b6540540a0c17"},"sourceUploadUrl":"https://storage.googleapis.com/uploads-803506353146.us-central1.cloudfunctions.appspot.com/1596a08c-202d-46f4-b817-16449532e86f.zip?GoogleAccessId=service-604265048430@gcf-admin-robot.iam.gserviceaccount.com&Expires=1748377673&Signature=qciWKZv4omVZ0DgakyDUh5%2BuBGC6ZPaqQG413Qqggbk8QIitUnFAsN1dDKevX%2FCTBXZ2Amo9A4bR0O5qboQMpc7LdCPO8zQ1plrf17QgyZWIncxlvsmWVzb8KcPR%2F6WNMXcVHT3TxHqiUY1QPzQDqkVm3IUhO6s%2B28ZOJFhrTciotNjiHsPlwRC%2BBAjPOGHfSl1eAETq%2Bb%2B5yFsiMHfMBwKJ0bU60Wc76AAquiV1XL5wp9yOCkpWuzzdQHW7uIjv2Ga1Ggv%2FB9s9T34erIJTkvi058rp9CQfeyESsH1KZujMLiK65tOtOkXfnq7F8Cd20ZU7Uo82ZUConnr5s2IsuQ%3D%3D","environmentVariables":{"FIREBASE_CONFIG":"{\"projectId\":\"inutriscan\",\"storageBucket\":\"inutriscan.firebasestorage.app\"}","GCLOUD_PROJECT":"inutriscan","EVENTARC_CLOUD_EVENT_SOURCE":"projects/inutriscan/locations/us-central1/functions/getDailyKcalBalance"},"runtime":"nodejs18","buildId":"d64ac10b-2ca1-483c-810a-c4645aff789c","buildEnvironmentVariables":{"GOOGLE_NODE_RUN_SCRIPTS":""},"buildName":"projects/604265048430/locations/us-central1/builds/d64ac10b-2ca1-483c-810a-c4645aff789c","dockerRegistry":"ARTIFACT_REGISTRY","automaticUpdatePolicy":{},"buildServiceAccount":"projects/inutriscan/serviceAccounts/604265048430-compute@developer.gserviceaccount.com"},"versionId":"2","updateTime":"2025-05-27T19:57:54Z","buildId":"47f0af91-7a37-48c8-9cd8-162f1febd506","buildName":"projects/604265048430/locations/us-central1/builds/47f0af91-7a37-48c8-9cd8-162f1febd506"}}
